{
  "stats": {
    "suites": 20,
    "tests": 34,
    "passes": 34,
    "pending": 0,
    "failures": 0,
    "start": "2024-02-21T13:27:09.340Z",
    "end": "2024-02-21T13:27:16.426Z",
    "duration": 7086,
    "testsRegistered": 34,
    "passPercent": 100,
    "pendingPercent": 0,
    "other": 0,
    "hasOther": false,
    "skipped": 0,
    "hasSkipped": false
  },
  "results": [
    {
      "uuid": "d530a1dd-3c16-440f-8f89-20198474c382",
      "title": "",
      "fullFile": "",
      "file": "",
      "beforeHooks": [],
      "afterHooks": [],
      "tests": [],
      "suites": [
        {
          "uuid": "0332d652-3d2e-471e-884b-f3df4c0afa25",
          "title": "End to End - Category",
          "fullFile": "E:\\Sanbercode\\sanbercode-api-automation\\test\\suites\\category.js",
          "file": "\\test\\suites\\category.js",
          "beforeHooks": [],
          "afterHooks": [],
          "tests": [],
          "suites": [
            {
              "uuid": "2237a25e-fddc-4ef9-a69f-3cd386213a6b",
              "title": "Success Add Category",
              "fullFile": "E:\\Sanbercode\\sanbercode-api-automation\\test\\suites\\category.js",
              "file": "\\test\\suites\\category.js",
              "beforeHooks": [],
              "afterHooks": [],
              "tests": [
                {
                  "title": "Status code is 201",
                  "fullTitle": "End to End - Category Success Add Category Status code is 201",
                  "timedOut": false,
                  "duration": 972,
                  "state": "passed",
                  "speed": "slow",
                  "pass": true,
                  "fail": false,
                  "pending": false,
                  "context": null,
                  "code": "token = await createToken()\nresponse =  await addCategory(token)\ncategoryId = (await response).body.data.categoryId\nexpect((await response).status).to.equal(201)",
                  "err": {},
                  "uuid": "d7058935-b6f0-498b-b3a2-25b689327f56",
                  "parentUUID": "2237a25e-fddc-4ef9-a69f-3cd386213a6b",
                  "isHook": false,
                  "skipped": false
                },
                {
                  "title": "Verify response message equal Category berhasil ditambahkan",
                  "fullTitle": "End to End - Category Success Add Category Verify response message equal Category berhasil ditambahkan",
                  "timedOut": false,
                  "duration": 0,
                  "state": "passed",
                  "speed": "fast",
                  "pass": true,
                  "fail": false,
                  "pending": false,
                  "context": null,
                  "code": "expect((await response).body.message).to.equal('Category berhasil ditambahkan')",
                  "err": {},
                  "uuid": "8581c6b3-bb35-4daa-bdd4-fbce078b18ec",
                  "parentUUID": "2237a25e-fddc-4ef9-a69f-3cd386213a6b",
                  "isHook": false,
                  "skipped": false
                },
                {
                  "title": "Verify response category name equal makanan ringan",
                  "fullTitle": "End to End - Category Success Add Category Verify response category name equal makanan ringan",
                  "timedOut": false,
                  "duration": 1,
                  "state": "passed",
                  "speed": "fast",
                  "pass": true,
                  "fail": false,
                  "pending": false,
                  "context": null,
                  "code": "expect((await response).body.data.name).to.equal(categoryData.name)",
                  "err": {},
                  "uuid": "a60b761c-f0ea-4739-8e59-ae2a295b8ee9",
                  "parentUUID": "2237a25e-fddc-4ef9-a69f-3cd386213a6b",
                  "isHook": false,
                  "skipped": false
                }
              ],
              "suites": [],
              "passes": [
                "d7058935-b6f0-498b-b3a2-25b689327f56",
                "8581c6b3-bb35-4daa-bdd4-fbce078b18ec",
                "a60b761c-f0ea-4739-8e59-ae2a295b8ee9"
              ],
              "failures": [],
              "pending": [],
              "skipped": [],
              "duration": 973,
              "root": false,
              "rootEmpty": false,
              "_timeout": 2000
            },
            {
              "uuid": "97175cda-9433-45f2-9c7b-950a5ee9cdf5",
              "title": "Success Get Category",
              "fullFile": "E:\\Sanbercode\\sanbercode-api-automation\\test\\suites\\category.js",
              "file": "\\test\\suites\\category.js",
              "beforeHooks": [],
              "afterHooks": [],
              "tests": [
                {
                  "title": "Status code is 200",
                  "fullTitle": "End to End - Category Success Get Category Status code is 200",
                  "timedOut": false,
                  "duration": 228,
                  "state": "passed",
                  "speed": "slow",
                  "pass": true,
                  "fail": false,
                  "pending": false,
                  "context": null,
                  "code": "response = await getCategory(token, categoryId)\nexpect((await response).status).to.equal(200)",
                  "err": {},
                  "uuid": "282de851-b224-45b4-98ce-3b366e75a937",
                  "parentUUID": "97175cda-9433-45f2-9c7b-950a5ee9cdf5",
                  "isHook": false,
                  "skipped": false
                },
                {
                  "title": "Verify response has category name",
                  "fullTitle": "End to End - Category Success Get Category Verify response has category name",
                  "timedOut": false,
                  "duration": 2,
                  "state": "passed",
                  "speed": "fast",
                  "pass": true,
                  "fail": false,
                  "pending": false,
                  "context": null,
                  "code": "expect((await response).body.data.category).to.have.property('name')",
                  "err": {},
                  "uuid": "07ac3139-a510-4d12-9521-243b5aba66b0",
                  "parentUUID": "97175cda-9433-45f2-9c7b-950a5ee9cdf5",
                  "isHook": false,
                  "skipped": false
                },
                {
                  "title": "Verify response has category description",
                  "fullTitle": "End to End - Category Success Get Category Verify response has category description",
                  "timedOut": false,
                  "duration": 1,
                  "state": "passed",
                  "speed": "fast",
                  "pass": true,
                  "fail": false,
                  "pending": false,
                  "context": null,
                  "code": "expect((await response).body.data.category).to.have.property('description')",
                  "err": {},
                  "uuid": "65e6a962-c0aa-4921-9e07-45d687c37bc2",
                  "parentUUID": "97175cda-9433-45f2-9c7b-950a5ee9cdf5",
                  "isHook": false,
                  "skipped": false
                },
                {
                  "title": "Verify response category name equal makanan ringan",
                  "fullTitle": "End to End - Category Success Get Category Verify response category name equal makanan ringan",
                  "timedOut": false,
                  "duration": 1,
                  "state": "passed",
                  "speed": "fast",
                  "pass": true,
                  "fail": false,
                  "pending": false,
                  "context": null,
                  "code": "expect((await response).body.data.category.name).to.equal(categoryData.name)",
                  "err": {},
                  "uuid": "65f27c8a-a8a9-4ce2-a717-13a8e748b00f",
                  "parentUUID": "97175cda-9433-45f2-9c7b-950a5ee9cdf5",
                  "isHook": false,
                  "skipped": false
                }
              ],
              "suites": [],
              "passes": [
                "282de851-b224-45b4-98ce-3b366e75a937",
                "07ac3139-a510-4d12-9521-243b5aba66b0",
                "65e6a962-c0aa-4921-9e07-45d687c37bc2",
                "65f27c8a-a8a9-4ce2-a717-13a8e748b00f"
              ],
              "failures": [],
              "pending": [],
              "skipped": [],
              "duration": 232,
              "root": false,
              "rootEmpty": false,
              "_timeout": 2000
            },
            {
              "uuid": "47d3280e-7b56-40dd-82fb-f65b579e445a",
              "title": "Success Update Category",
              "fullFile": "E:\\Sanbercode\\sanbercode-api-automation\\test\\suites\\category.js",
              "file": "\\test\\suites\\category.js",
              "beforeHooks": [],
              "afterHooks": [],
              "tests": [
                {
                  "title": "Status code is 200",
                  "fullTitle": "End to End - Category Success Update Category Status code is 200",
                  "timedOut": false,
                  "duration": 309,
                  "state": "passed",
                  "speed": "slow",
                  "pass": true,
                  "fail": false,
                  "pending": false,
                  "context": null,
                  "code": "response = await updateCategory(token, categoryId)\nexpect((await response).status).to.equal(200)",
                  "err": {},
                  "uuid": "83e53ce7-ff45-454b-b57c-a1fcc6642ffd",
                  "parentUUID": "47d3280e-7b56-40dd-82fb-f65b579e445a",
                  "isHook": false,
                  "skipped": false
                },
                {
                  "title": "Verify response category name equal makanan berat",
                  "fullTitle": "End to End - Category Success Update Category Verify response category name equal makanan berat",
                  "timedOut": false,
                  "duration": 1,
                  "state": "passed",
                  "speed": "fast",
                  "pass": true,
                  "fail": false,
                  "pending": false,
                  "context": null,
                  "code": "expect((await response).body.data.name).to.equal(categoryDataUpdate.name)",
                  "err": {},
                  "uuid": "78230342-9a7f-4b14-b104-da69ab3d583c",
                  "parentUUID": "47d3280e-7b56-40dd-82fb-f65b579e445a",
                  "isHook": false,
                  "skipped": false
                }
              ],
              "suites": [],
              "passes": [
                "83e53ce7-ff45-454b-b57c-a1fcc6642ffd",
                "78230342-9a7f-4b14-b104-da69ab3d583c"
              ],
              "failures": [],
              "pending": [],
              "skipped": [],
              "duration": 310,
              "root": false,
              "rootEmpty": false,
              "_timeout": 2000
            },
            {
              "uuid": "0109fbf3-1fd5-44c8-8644-8c21a12c1c22",
              "title": "Success Delete Category",
              "fullFile": "E:\\Sanbercode\\sanbercode-api-automation\\test\\suites\\category.js",
              "file": "\\test\\suites\\category.js",
              "beforeHooks": [],
              "afterHooks": [],
              "tests": [
                {
                  "title": "Status code is 200",
                  "fullTitle": "End to End - Category Success Delete Category Status code is 200",
                  "timedOut": false,
                  "duration": 203,
                  "state": "passed",
                  "speed": "slow",
                  "pass": true,
                  "fail": false,
                  "pending": false,
                  "context": null,
                  "code": "response = await deleteCategory(token, categoryId)\nexpect((await response).status).to.equal(200)",
                  "err": {},
                  "uuid": "af4a9d99-3f0c-4fe9-8974-14196f8c1bf4",
                  "parentUUID": "0109fbf3-1fd5-44c8-8644-8c21a12c1c22",
                  "isHook": false,
                  "skipped": false
                }
              ],
              "suites": [],
              "passes": [
                "af4a9d99-3f0c-4fe9-8974-14196f8c1bf4"
              ],
              "failures": [],
              "pending": [],
              "skipped": [],
              "duration": 203,
              "root": false,
              "rootEmpty": false,
              "_timeout": 2000
            }
          ],
          "passes": [],
          "failures": [],
          "pending": [],
          "skipped": [],
          "duration": 0,
          "root": false,
          "rootEmpty": false,
          "_timeout": 2000
        },
        {
          "uuid": "e1bb2654-dbe0-4943-a31e-b8452929e2b1",
          "title": "End to End - Customer",
          "fullFile": "E:\\Sanbercode\\sanbercode-api-automation\\test\\suites\\customer.js",
          "file": "\\test\\suites\\customer.js",
          "beforeHooks": [],
          "afterHooks": [],
          "tests": [],
          "suites": [
            {
              "uuid": "be1a0d62-d8e8-4f6d-a8e9-0305d522ea9d",
              "title": "Success Add Customer",
              "fullFile": "E:\\Sanbercode\\sanbercode-api-automation\\test\\suites\\customer.js",
              "file": "\\test\\suites\\customer.js",
              "beforeHooks": [],
              "afterHooks": [],
              "tests": [
                {
                  "title": "Status code is 201",
                  "fullTitle": "End to End - Customer Success Add Customer Status code is 201",
                  "timedOut": false,
                  "duration": 924,
                  "state": "passed",
                  "speed": "slow",
                  "pass": true,
                  "fail": false,
                  "pending": false,
                  "context": null,
                  "code": "token = await createToken()\nresponse =  await addCustomer(token)\ncustomerId = (await response).body.data.customerId\nexpect((await response).status).to.equal(201)",
                  "err": {},
                  "uuid": "2a9805a0-0cb2-4a41-aaa1-f715e1961c85",
                  "parentUUID": "be1a0d62-d8e8-4f6d-a8e9-0305d522ea9d",
                  "isHook": false,
                  "skipped": false
                },
                {
                  "title": "Verify the response has customer id",
                  "fullTitle": "End to End - Customer Success Add Customer Verify the response has customer id",
                  "timedOut": false,
                  "duration": 0,
                  "state": "passed",
                  "speed": "fast",
                  "pass": true,
                  "fail": false,
                  "pending": false,
                  "context": null,
                  "code": "expect((await response).body.data).to.have.property('customerId')",
                  "err": {},
                  "uuid": "3869d271-2f9d-42f8-9e61-0a486703aed5",
                  "parentUUID": "be1a0d62-d8e8-4f6d-a8e9-0305d522ea9d",
                  "isHook": false,
                  "skipped": false
                }
              ],
              "suites": [],
              "passes": [
                "2a9805a0-0cb2-4a41-aaa1-f715e1961c85",
                "3869d271-2f9d-42f8-9e61-0a486703aed5"
              ],
              "failures": [],
              "pending": [],
              "skipped": [],
              "duration": 924,
              "root": false,
              "rootEmpty": false,
              "_timeout": 2000
            },
            {
              "uuid": "7e719754-3c00-410a-9ab8-ed0b0817a4fa",
              "title": "Success Get Customer",
              "fullFile": "E:\\Sanbercode\\sanbercode-api-automation\\test\\suites\\customer.js",
              "file": "\\test\\suites\\customer.js",
              "beforeHooks": [],
              "afterHooks": [],
              "tests": [
                {
                  "title": "Status code is 200",
                  "fullTitle": "End to End - Customer Success Get Customer Status code is 200",
                  "timedOut": false,
                  "duration": 264,
                  "state": "passed",
                  "speed": "slow",
                  "pass": true,
                  "fail": false,
                  "pending": false,
                  "context": null,
                  "code": "response = await getCustomer(token, customerId)\nexpect((await response).status).to.equal(200)",
                  "err": {},
                  "uuid": "9e168097-0eac-419d-85de-1dc50a82fc0d",
                  "parentUUID": "7e719754-3c00-410a-9ab8-ed0b0817a4fa",
                  "isHook": false,
                  "skipped": false
                },
                {
                  "title": "Verify response customer name equal Ridwan",
                  "fullTitle": "End to End - Customer Success Get Customer Verify response customer name equal Ridwan",
                  "timedOut": false,
                  "duration": 1,
                  "state": "passed",
                  "speed": "fast",
                  "pass": true,
                  "fail": false,
                  "pending": false,
                  "context": null,
                  "code": "expect((await response).body.data.customer.name).to.equal(customerData.name)",
                  "err": {},
                  "uuid": "25786323-e70d-4694-b0c4-0c5ea809bb7b",
                  "parentUUID": "7e719754-3c00-410a-9ab8-ed0b0817a4fa",
                  "isHook": false,
                  "skipped": false
                }
              ],
              "suites": [],
              "passes": [
                "9e168097-0eac-419d-85de-1dc50a82fc0d",
                "25786323-e70d-4694-b0c4-0c5ea809bb7b"
              ],
              "failures": [],
              "pending": [],
              "skipped": [],
              "duration": 265,
              "root": false,
              "rootEmpty": false,
              "_timeout": 2000
            },
            {
              "uuid": "8573f31b-af92-4b52-8282-37b3e4415bbd",
              "title": "Success Update Customer",
              "fullFile": "E:\\Sanbercode\\sanbercode-api-automation\\test\\suites\\customer.js",
              "file": "\\test\\suites\\customer.js",
              "beforeHooks": [],
              "afterHooks": [],
              "tests": [
                {
                  "title": "Status code is 200",
                  "fullTitle": "End to End - Customer Success Update Customer Status code is 200",
                  "timedOut": false,
                  "duration": 348,
                  "state": "passed",
                  "speed": "slow",
                  "pass": true,
                  "fail": false,
                  "pending": false,
                  "context": null,
                  "code": "response = await updateCustomer(token, customerId)\nexpect((await response).status).to.equal(200)",
                  "err": {},
                  "uuid": "e6664e86-d989-4e93-8e6f-044cfced4485",
                  "parentUUID": "8573f31b-af92-4b52-8282-37b3e4415bbd",
                  "isHook": false,
                  "skipped": false
                },
                {
                  "title": "Verify the response name equal Ridwan Ahmad",
                  "fullTitle": "End to End - Customer Success Update Customer Verify the response name equal Ridwan Ahmad",
                  "timedOut": false,
                  "duration": 1,
                  "state": "passed",
                  "speed": "fast",
                  "pass": true,
                  "fail": false,
                  "pending": false,
                  "context": null,
                  "code": "expect((await response).body.data.name).to.equal(customerDataUpdate.name)",
                  "err": {},
                  "uuid": "1a03bebb-4b2e-40dd-9dac-cb1188c39783",
                  "parentUUID": "8573f31b-af92-4b52-8282-37b3e4415bbd",
                  "isHook": false,
                  "skipped": false
                }
              ],
              "suites": [],
              "passes": [
                "e6664e86-d989-4e93-8e6f-044cfced4485",
                "1a03bebb-4b2e-40dd-9dac-cb1188c39783"
              ],
              "failures": [],
              "pending": [],
              "skipped": [],
              "duration": 349,
              "root": false,
              "rootEmpty": false,
              "_timeout": 2000
            },
            {
              "uuid": "ae3e19ec-06f6-4d33-87a8-e8011048a3fa",
              "title": "Success Delete Customer",
              "fullFile": "E:\\Sanbercode\\sanbercode-api-automation\\test\\suites\\customer.js",
              "file": "\\test\\suites\\customer.js",
              "beforeHooks": [],
              "afterHooks": [],
              "tests": [
                {
                  "title": "Status code is 200",
                  "fullTitle": "End to End - Customer Success Delete Customer Status code is 200",
                  "timedOut": false,
                  "duration": 326,
                  "state": "passed",
                  "speed": "slow",
                  "pass": true,
                  "fail": false,
                  "pending": false,
                  "context": null,
                  "code": "response = await deleteCUstomer(token, customerId)\nexpect((await response).status).to.equal(200)",
                  "err": {},
                  "uuid": "746b6c48-5ccf-4be0-bd81-108a9ff8e585",
                  "parentUUID": "ae3e19ec-06f6-4d33-87a8-e8011048a3fa",
                  "isHook": false,
                  "skipped": false
                }
              ],
              "suites": [],
              "passes": [
                "746b6c48-5ccf-4be0-bd81-108a9ff8e585"
              ],
              "failures": [],
              "pending": [],
              "skipped": [],
              "duration": 326,
              "root": false,
              "rootEmpty": false,
              "_timeout": 2000
            }
          ],
          "passes": [],
          "failures": [],
          "pending": [],
          "skipped": [],
          "duration": 0,
          "root": false,
          "rootEmpty": false,
          "_timeout": 2000
        },
        {
          "uuid": "fc016183-763c-45fb-b337-03e12ea2ae82",
          "title": "End to End - Product",
          "fullFile": "E:\\Sanbercode\\sanbercode-api-automation\\test\\suites\\product.js",
          "file": "\\test\\suites\\product.js",
          "beforeHooks": [],
          "afterHooks": [],
          "tests": [],
          "suites": [
            {
              "uuid": "915e7ae9-c7d8-4da3-8712-ceb624c43983",
              "title": "Success Add Product",
              "fullFile": "E:\\Sanbercode\\sanbercode-api-automation\\test\\suites\\product.js",
              "file": "\\test\\suites\\product.js",
              "beforeHooks": [],
              "afterHooks": [],
              "tests": [
                {
                  "title": "Status code is 201",
                  "fullTitle": "End to End - Product Success Add Product Status code is 201",
                  "timedOut": false,
                  "duration": 929,
                  "state": "passed",
                  "speed": "slow",
                  "pass": true,
                  "fail": false,
                  "pending": false,
                  "context": null,
                  "code": "token = await createToken()\nresponse =  await addProduct(token)\nproductId = (await response).body.data.productId\nexpect((await response).status).to.equal(201)",
                  "err": {},
                  "uuid": "35b9b1d5-e192-47d9-b02f-2054cdc1995a",
                  "parentUUID": "915e7ae9-c7d8-4da3-8712-ceb624c43983",
                  "isHook": false,
                  "skipped": false
                }
              ],
              "suites": [],
              "passes": [
                "35b9b1d5-e192-47d9-b02f-2054cdc1995a"
              ],
              "failures": [],
              "pending": [],
              "skipped": [],
              "duration": 929,
              "root": false,
              "rootEmpty": false,
              "_timeout": 2000
            },
            {
              "uuid": "84b68620-0405-442d-87e8-9e29412e8861",
              "title": "Success Get Product",
              "fullFile": "E:\\Sanbercode\\sanbercode-api-automation\\test\\suites\\product.js",
              "file": "\\test\\suites\\product.js",
              "beforeHooks": [],
              "afterHooks": [],
              "tests": [
                {
                  "title": "Status code is 200",
                  "fullTitle": "End to End - Product Success Get Product Status code is 200",
                  "timedOut": false,
                  "duration": 263,
                  "state": "passed",
                  "speed": "slow",
                  "pass": true,
                  "fail": false,
                  "pending": false,
                  "context": null,
                  "code": "response = await getProduct(token, productId)\nexpect((await response).status).to.equal(200)",
                  "err": {},
                  "uuid": "33f2aea5-7c1a-48fd-9ac9-cd7d32aba595",
                  "parentUUID": "84b68620-0405-442d-87e8-9e29412e8861",
                  "isHook": false,
                  "skipped": false
                },
                {
                  "title": "Verify name product is equal taro",
                  "fullTitle": "End to End - Product Success Get Product Verify name product is equal taro",
                  "timedOut": false,
                  "duration": 1,
                  "state": "passed",
                  "speed": "fast",
                  "pass": true,
                  "fail": false,
                  "pending": false,
                  "context": null,
                  "code": "expect((await response).body.data.product.name).to.equal(productData.name)",
                  "err": {},
                  "uuid": "6fc51055-0234-4de7-89f2-e444793f84fb",
                  "parentUUID": "84b68620-0405-442d-87e8-9e29412e8861",
                  "isHook": false,
                  "skipped": false
                }
              ],
              "suites": [],
              "passes": [
                "33f2aea5-7c1a-48fd-9ac9-cd7d32aba595",
                "6fc51055-0234-4de7-89f2-e444793f84fb"
              ],
              "failures": [],
              "pending": [],
              "skipped": [],
              "duration": 264,
              "root": false,
              "rootEmpty": false,
              "_timeout": 2000
            },
            {
              "uuid": "07d87725-f864-418b-963d-0c698052fa36",
              "title": "Success Update Product",
              "fullFile": "E:\\Sanbercode\\sanbercode-api-automation\\test\\suites\\product.js",
              "file": "\\test\\suites\\product.js",
              "beforeHooks": [],
              "afterHooks": [],
              "tests": [
                {
                  "title": "Status code is 200",
                  "fullTitle": "End to End - Product Success Update Product Status code is 200",
                  "timedOut": false,
                  "duration": 210,
                  "state": "passed",
                  "speed": "slow",
                  "pass": true,
                  "fail": false,
                  "pending": false,
                  "context": null,
                  "code": "response = await updateProduct(token, productId)\nexpect((await response).status).to.equal(200)",
                  "err": {},
                  "uuid": "e5dc0b30-efbc-461a-b2a9-099a269f2ba6",
                  "parentUUID": "07d87725-f864-418b-963d-0c698052fa36",
                  "isHook": false,
                  "skipped": false
                },
                {
                  "title": "Verify response message equal Product berhasil diupdate",
                  "fullTitle": "End to End - Product Success Update Product Verify response message equal Product berhasil diupdate",
                  "timedOut": false,
                  "duration": 0,
                  "state": "passed",
                  "speed": "fast",
                  "pass": true,
                  "fail": false,
                  "pending": false,
                  "context": null,
                  "code": "expect((await response).body.message).to.equal('Product berhasil diupdate')",
                  "err": {},
                  "uuid": "a145d6af-7684-47e7-b8fa-9815410872d8",
                  "parentUUID": "07d87725-f864-418b-963d-0c698052fa36",
                  "isHook": false,
                  "skipped": false
                },
                {
                  "title": "Verify response product name equal Better",
                  "fullTitle": "End to End - Product Success Update Product Verify response product name equal Better",
                  "timedOut": false,
                  "duration": 0,
                  "state": "passed",
                  "speed": "fast",
                  "pass": true,
                  "fail": false,
                  "pending": false,
                  "context": null,
                  "code": "expect((await response).body.data.name).to.equal(productDataUpdate.name)",
                  "err": {},
                  "uuid": "fa553429-7a05-4976-9498-c09b96934898",
                  "parentUUID": "07d87725-f864-418b-963d-0c698052fa36",
                  "isHook": false,
                  "skipped": false
                }
              ],
              "suites": [],
              "passes": [
                "e5dc0b30-efbc-461a-b2a9-099a269f2ba6",
                "a145d6af-7684-47e7-b8fa-9815410872d8",
                "fa553429-7a05-4976-9498-c09b96934898"
              ],
              "failures": [],
              "pending": [],
              "skipped": [],
              "duration": 210,
              "root": false,
              "rootEmpty": false,
              "_timeout": 2000
            },
            {
              "uuid": "10ad7c21-f2af-440f-83bd-d77c73fd328b",
              "title": "Success Delete Product",
              "fullFile": "E:\\Sanbercode\\sanbercode-api-automation\\test\\suites\\product.js",
              "file": "\\test\\suites\\product.js",
              "beforeHooks": [],
              "afterHooks": [],
              "tests": [
                {
                  "title": "Status code is 200",
                  "fullTitle": "End to End - Product Success Delete Product Status code is 200",
                  "timedOut": false,
                  "duration": 243,
                  "state": "passed",
                  "speed": "slow",
                  "pass": true,
                  "fail": false,
                  "pending": false,
                  "context": null,
                  "code": "response = await deleteProduct(token, productId)\nexpect((await response).status).to.equal(200)",
                  "err": {},
                  "uuid": "b62b6a46-a28f-4b0d-bff6-2554c70787e6",
                  "parentUUID": "10ad7c21-f2af-440f-83bd-d77c73fd328b",
                  "isHook": false,
                  "skipped": false
                },
                {
                  "title": "Verify response message equal Product berhasil dihapus",
                  "fullTitle": "End to End - Product Success Delete Product Verify response message equal Product berhasil dihapus",
                  "timedOut": false,
                  "duration": 0,
                  "state": "passed",
                  "speed": "fast",
                  "pass": true,
                  "fail": false,
                  "pending": false,
                  "context": null,
                  "code": "expect((await response).body.message).to.equal('Product berhasil dihapus')",
                  "err": {},
                  "uuid": "ca3bdce2-c91a-4db2-bcbf-c8a0703b5fd4",
                  "parentUUID": "10ad7c21-f2af-440f-83bd-d77c73fd328b",
                  "isHook": false,
                  "skipped": false
                }
              ],
              "suites": [],
              "passes": [
                "b62b6a46-a28f-4b0d-bff6-2554c70787e6",
                "ca3bdce2-c91a-4db2-bcbf-c8a0703b5fd4"
              ],
              "failures": [],
              "pending": [],
              "skipped": [],
              "duration": 243,
              "root": false,
              "rootEmpty": false,
              "_timeout": 2000
            }
          ],
          "passes": [],
          "failures": [],
          "pending": [],
          "skipped": [],
          "duration": 0,
          "root": false,
          "rootEmpty": false,
          "_timeout": 2000
        },
        {
          "uuid": "b1c0c038-c0b2-4379-a717-3ecc0bd99dd1",
          "title": "End to End - User",
          "fullFile": "E:\\Sanbercode\\sanbercode-api-automation\\test\\suites\\user.js",
          "file": "\\test\\suites\\user.js",
          "beforeHooks": [],
          "afterHooks": [],
          "tests": [],
          "suites": [
            {
              "uuid": "63d5c7b9-c2ee-4bf1-bb40-727d846b745d",
              "title": "Success Add User",
              "fullFile": "E:\\Sanbercode\\sanbercode-api-automation\\test\\suites\\user.js",
              "file": "\\test\\suites\\user.js",
              "beforeHooks": [],
              "afterHooks": [],
              "tests": [
                {
                  "title": "Status code is 201",
                  "fullTitle": "End to End - User Success Add User Status code is 201",
                  "timedOut": false,
                  "duration": 1188,
                  "state": "passed",
                  "speed": "slow",
                  "pass": true,
                  "fail": false,
                  "pending": false,
                  "context": null,
                  "code": "token = await createToken()\nresponse =  await addUser(token)\nuserId = (await response).body.data.userId\nexpect((await response).status).to.equal(201)",
                  "err": {},
                  "uuid": "16135121-b21a-4a2a-bac0-f0b7b482ba71",
                  "parentUUID": "63d5c7b9-c2ee-4bf1-bb40-727d846b745d",
                  "isHook": false,
                  "skipped": false
                },
                {
                  "title": "Verify response message equal User berhasil ditambahkan",
                  "fullTitle": "End to End - User Success Add User Verify response message equal User berhasil ditambahkan",
                  "timedOut": false,
                  "duration": 0,
                  "state": "passed",
                  "speed": "fast",
                  "pass": true,
                  "fail": false,
                  "pending": false,
                  "context": null,
                  "code": "expect((await response).body.message).to.equal('User berhasil ditambahkan')",
                  "err": {},
                  "uuid": "22bbdfd5-2637-485b-ba54-d4b72cc9a46d",
                  "parentUUID": "63d5c7b9-c2ee-4bf1-bb40-727d846b745d",
                  "isHook": false,
                  "skipped": false
                }
              ],
              "suites": [],
              "passes": [
                "16135121-b21a-4a2a-bac0-f0b7b482ba71",
                "22bbdfd5-2637-485b-ba54-d4b72cc9a46d"
              ],
              "failures": [],
              "pending": [],
              "skipped": [],
              "duration": 1188,
              "root": false,
              "rootEmpty": false,
              "_timeout": 2000
            },
            {
              "uuid": "dcb6a3ee-37d7-4783-8795-73927967bcea",
              "title": "Success Get User",
              "fullFile": "E:\\Sanbercode\\sanbercode-api-automation\\test\\suites\\user.js",
              "file": "\\test\\suites\\user.js",
              "beforeHooks": [],
              "afterHooks": [],
              "tests": [
                {
                  "title": "Status code is 200",
                  "fullTitle": "End to End - User Success Get User Status code is 200",
                  "timedOut": false,
                  "duration": 184,
                  "state": "passed",
                  "speed": "slow",
                  "pass": true,
                  "fail": false,
                  "pending": false,
                  "context": null,
                  "code": "response = await getUser(token, userId)\nexpect((await response).status).to.equal(200)",
                  "err": {},
                  "uuid": "df58b7ea-3872-41d0-a85d-c59ad58cffa4",
                  "parentUUID": "dcb6a3ee-37d7-4783-8795-73927967bcea",
                  "isHook": false,
                  "skipped": false
                },
                {
                  "title": "Success Get User",
                  "fullTitle": "End to End - User Success Get User Success Get User",
                  "timedOut": false,
                  "duration": 0,
                  "state": "passed",
                  "speed": "fast",
                  "pass": true,
                  "fail": false,
                  "pending": false,
                  "context": null,
                  "code": "expect((await response).body.data.user.name).to.equal(userData.name)",
                  "err": {},
                  "uuid": "aacff2a2-ef95-4bd1-8d26-02c4ea234ecd",
                  "parentUUID": "dcb6a3ee-37d7-4783-8795-73927967bcea",
                  "isHook": false,
                  "skipped": false
                }
              ],
              "suites": [],
              "passes": [
                "df58b7ea-3872-41d0-a85d-c59ad58cffa4",
                "aacff2a2-ef95-4bd1-8d26-02c4ea234ecd"
              ],
              "failures": [],
              "pending": [],
              "skipped": [],
              "duration": 184,
              "root": false,
              "rootEmpty": false,
              "_timeout": 2000
            },
            {
              "uuid": "f86b3f40-065a-40b5-b13c-16d982a49d3d",
              "title": "Success Update User",
              "fullFile": "E:\\Sanbercode\\sanbercode-api-automation\\test\\suites\\user.js",
              "file": "\\test\\suites\\user.js",
              "beforeHooks": [],
              "afterHooks": [],
              "tests": [
                {
                  "title": "Status code is 200",
                  "fullTitle": "End to End - User Success Update User Status code is 200",
                  "timedOut": false,
                  "duration": 210,
                  "state": "passed",
                  "speed": "slow",
                  "pass": true,
                  "fail": false,
                  "pending": false,
                  "context": null,
                  "code": "response = await updateUser(token, userId)\nexpect((await response).status).to.equal(200)",
                  "err": {},
                  "uuid": "8f338e87-fe0c-4267-8d68-edc558454fcb",
                  "parentUUID": "f86b3f40-065a-40b5-b13c-16d982a49d3d",
                  "isHook": false,
                  "skipped": false
                },
                {
                  "title": "Verify response message equal User berhasil diupdate",
                  "fullTitle": "End to End - User Success Update User Verify response message equal User berhasil diupdate",
                  "timedOut": false,
                  "duration": 1,
                  "state": "passed",
                  "speed": "fast",
                  "pass": true,
                  "fail": false,
                  "pending": false,
                  "context": null,
                  "code": "expect((await response).body.message).to.equal('User berhasil diupdate')",
                  "err": {},
                  "uuid": "323b3028-747e-4148-bf7c-49d6bc614123",
                  "parentUUID": "f86b3f40-065a-40b5-b13c-16d982a49d3d",
                  "isHook": false,
                  "skipped": false
                },
                {
                  "title": "Verify response name equal Ridwan",
                  "fullTitle": "End to End - User Success Update User Verify response name equal Ridwan",
                  "timedOut": false,
                  "duration": 1,
                  "state": "passed",
                  "speed": "fast",
                  "pass": true,
                  "fail": false,
                  "pending": false,
                  "context": null,
                  "code": "expect((await response).body.data.name).to.equal(userDataUpdate.name)",
                  "err": {},
                  "uuid": "0902807b-7668-48ef-8303-ea9dce2a8ff2",
                  "parentUUID": "f86b3f40-065a-40b5-b13c-16d982a49d3d",
                  "isHook": false,
                  "skipped": false
                }
              ],
              "suites": [],
              "passes": [
                "8f338e87-fe0c-4267-8d68-edc558454fcb",
                "323b3028-747e-4148-bf7c-49d6bc614123",
                "0902807b-7668-48ef-8303-ea9dce2a8ff2"
              ],
              "failures": [],
              "pending": [],
              "skipped": [],
              "duration": 212,
              "root": false,
              "rootEmpty": false,
              "_timeout": 2000
            },
            {
              "uuid": "c0722962-aa1c-44a5-aa28-2e1f5973f512",
              "title": "Success Delete User",
              "fullFile": "E:\\Sanbercode\\sanbercode-api-automation\\test\\suites\\user.js",
              "file": "\\test\\suites\\user.js",
              "beforeHooks": [],
              "afterHooks": [],
              "tests": [
                {
                  "title": "Status code is 200",
                  "fullTitle": "End to End - User Success Delete User Status code is 200",
                  "timedOut": false,
                  "duration": 230,
                  "state": "passed",
                  "speed": "slow",
                  "pass": true,
                  "fail": false,
                  "pending": false,
                  "context": null,
                  "code": "response = await deleteUser(token, userId)\nexpect((await response).status).to.equal(200)",
                  "err": {},
                  "uuid": "9152a750-b8db-44b0-b897-ac5220a168b4",
                  "parentUUID": "c0722962-aa1c-44a5-aa28-2e1f5973f512",
                  "isHook": false,
                  "skipped": false
                },
                {
                  "title": "Verify repsonse message equal User berhasil dihapus",
                  "fullTitle": "End to End - User Success Delete User Verify repsonse message equal User berhasil dihapus",
                  "timedOut": false,
                  "duration": 0,
                  "state": "passed",
                  "speed": "fast",
                  "pass": true,
                  "fail": false,
                  "pending": false,
                  "context": null,
                  "code": "expect((await response).body.message).to.equal('User berhasil dihapus')",
                  "err": {},
                  "uuid": "365b99e7-9ccb-4fd5-94c7-6847827532fd",
                  "parentUUID": "c0722962-aa1c-44a5-aa28-2e1f5973f512",
                  "isHook": false,
                  "skipped": false
                }
              ],
              "suites": [],
              "passes": [
                "9152a750-b8db-44b0-b897-ac5220a168b4",
                "365b99e7-9ccb-4fd5-94c7-6847827532fd"
              ],
              "failures": [],
              "pending": [],
              "skipped": [],
              "duration": 230,
              "root": false,
              "rootEmpty": false,
              "_timeout": 2000
            }
          ],
          "passes": [],
          "failures": [],
          "pending": [],
          "skipped": [],
          "duration": 0,
          "root": false,
          "rootEmpty": false,
          "_timeout": 2000
        }
      ],
      "passes": [],
      "failures": [],
      "pending": [],
      "skipped": [],
      "duration": 0,
      "root": true,
      "rootEmpty": true,
      "_timeout": 2000
    }
  ],
  "meta": {
    "mocha": {
      "version": "10.3.0"
    },
    "mochawesome": {
      "options": {
        "quiet": false,
        "reportFilename": "mochawesome",
        "saveHtml": true,
        "saveJson": true,
        "consoleReporter": "spec",
        "useInlineDiffs": false,
        "code": true
      },
      "version": "7.1.3"
    },
    "marge": {
      "options": null,
      "version": "6.2.0"
    }
  }
}